EDA Netlist Writer report for Lab4_Counters
Mon Jan 16 12:43:18 2023
Quartus Prime Version 19.1.0 Build 670 09/22/2019 SJ Lite Edition


---------------------
; Table of Contents ;
---------------------
  1. Legal Notice
  2. EDA Netlist Writer Summary
  3. Simulation Settings
  4. Simulation Generated Files
  5. EDA Netlist Writer Messages



----------------
; Legal Notice ;
----------------
Copyright (C) 2019  Intel Corporation. All rights reserved.
Your use of Intel Corporation's design tools, logic functions 
and other software and tools, and any partner logic 
functions, and any output files from any of the foregoing 
(including device programming or simulation files), and any 
associated documentation or information are expressly subject 
to the terms and conditions of the Intel Program License 
Subscription Agreement, the Intel Quartus Prime License Agreement,
the Intel FPGA IP License Agreement, or other applicable license
agreement, including, without limitation, that your use is for
the sole purpose of programming logic devices manufactured by
Intel and sold by Intel or its authorized distributors.  Please
refer to the applicable agreement for further details, at
https://fpgasoftware.intel.com/eula.



+-------------------------------------------------------------------+
; EDA Netlist Writer Summary                                        ;
+---------------------------+---------------------------------------+
; EDA Netlist Writer Status ; Successful - Mon Jan 16 12:43:18 2023 ;
; Revision Name             ; Lab4_Counters                         ;
; Top-level Entity Name     ; lab4_counters                         ;
; Family                    ; MAX 10                                ;
; Simulation Files Creation ; Successful                            ;
+---------------------------+---------------------------------------+


+----------------------------------------------------------------------------------------------------------------------------+
; Simulation Settings                                                                                                        ;
+---------------------------------------------------------------------------------------------------+------------------------+
; Option                                                                                            ; Setting                ;
+---------------------------------------------------------------------------------------------------+------------------------+
; Tool Name                                                                                         ; ModelSim-Altera (VHDL) ;
; Generate functional simulation netlist                                                            ; On                     ;
; Truncate long hierarchy paths                                                                     ; Off                    ;
; Map illegal HDL characters                                                                        ; Off                    ;
; Flatten buses into individual nodes                                                               ; Off                    ;
; Maintain hierarchy                                                                                ; Off                    ;
; Bring out device-wide set/reset signals as ports                                                  ; Off                    ;
; Enable glitch filtering                                                                           ; Off                    ;
; Do not write top level VHDL entity                                                                ; Off                    ;
; Disable detection of setup and hold time violations in the input registers of bi-directional pins ; Off                    ;
; Architecture name in VHDL output netlist                                                          ; structure              ;
; Generate third-party EDA tool command script for RTL functional simulation                        ; Off                    ;
; Generate third-party EDA tool command script for gate-level simulation                            ; Off                    ;
+---------------------------------------------------------------------------------------------------+------------------------+


+------------------------------------------------------------------------+
; Simulation Generated Files                                             ;
+------------------------------------------------------------------------+
; Generated Files                                                        ;
+------------------------------------------------------------------------+
; /home/rtrk/Desktop/Lab4_Counters/simulation/modelsim/Lab4_Counters.vho ;
+------------------------------------------------------------------------+


+-----------------------------+
; EDA Netlist Writer Messages ;
+-----------------------------+
Info: *******************************************************************
Info: Running Quartus Prime EDA Netlist Writer
    Info: Version 19.1.0 Build 670 09/22/2019 SJ Lite Edition
    Info: Processing started: Mon Jan 16 12:43:18 2023
Info: Command: quartus_eda --read_settings_files=off --write_settings_files=off Lab4_Counters -c Lab4_Counters
Info (204019): Generated file Lab4_Counters.vho in folder "/home/rtrk/Desktop/Lab4_Counters/simulation/modelsim/" for EDA simulation tool
Info: Quartus Prime EDA Netlist Writer was successful. 0 errors, 0 warnings
    Info: Peak virtual memory: 1053 megabytes
    Info: Processing ended: Mon Jan 16 12:43:18 2023
    Info: Elapsed time: 00:00:00
    Info: Total CPU time (on all processors): 00:00:00


